<?xml version="1.0" encoding="utf-8"?><testsuites name="pytest tests"><testsuite name="pytest" errors="0" failures="0" skipped="0" tests="7" time="1.049" timestamp="2026-06-11T05:58:32.421881+00:00" hostname="agent-env-4c269110-ad68-4dcc-b95b-ed62568a5c2b"><testcase classname="backend.tests.backend_test.TestHealth" name="test_health_returns_200_and_healthy" time="0.246" /><testcase classname="backend.tests.backend_test.TestEnquiriesCreate" name="test_create_valid_enquiry_returns_201" time="0.053" /><testcase classname="backend.tests.backend_test.TestEnquiriesCreate" name="test_create_invalid_email_returns_422" time="0.051" /><testcase classname="backend.tests.backend_test.TestEnquiriesCreate" name="test_create_missing_required_fields_returns_422" time="0.046" /><testcase classname="backend.tests.backend_test.TestEnquiriesCreate" name="test_create_empty_message_returns_422" time="0.049" /><testcase classname="backend.tests.backend_test.TestEnquiriesList" name="test_list_returns_200_and_contains_recent" time="0.304" /><testcase classname="backend.tests.backend_test.TestEnquiriesList" name="test_list_excludes_mongo_objectid" time="0.048" /></testsuite></testsuites>