<?xml version="1.0" encoding="utf-8"?><testsuites name="pytest tests"><testsuite name="pytest" errors="0" failures="0" skipped="0" tests="5" time="0.998" timestamp="2026-08-28T06:17:15.898279+00:00" hostname="agent-env-4c269110-ad68-4dcc-b95b-ed62568a5c2b"><testcase classname="backend.tests.test_interest_regression" name="test_health" time="0.218" /><testcase classname="backend.tests.test_interest_regression" name="test_create_interest_success" time="0.360" /><testcase classname="backend.tests.test_interest_regression" name="test_create_interest_rejects_consent_false" time="0.047" /><testcase classname="backend.tests.test_interest_regression" name="test_create_interest_bilingual_zh" time="0.256" /><testcase classname="backend.tests.test_interest_regression" name="test_list_interest" time="0.051" /></testsuite></testsuites>