<?xml version="1.0" encoding="utf-8"?><testsuites name="pytest tests"><testsuite name="pytest" errors="0" failures="0" skipped="0" tests="16" time="2.873" timestamp="2026-08-24T23:05:26.767290+00:00" hostname="agent-env-4c269110-ad68-4dcc-b95b-ed62568a5c2b"><testcase classname="backend.tests.backend_test.TestHealth" name="test_health_returns_200_and_healthy" time="0.311" /><testcase classname="backend.tests.backend_test.TestEnquiriesCreate" name="test_create_valid_enquiry_returns_201" time="0.311" /><testcase classname="backend.tests.backend_test.TestEnquiriesCreate" name="test_create_invalid_email_returns_422" time="0.060" /><testcase classname="backend.tests.backend_test.TestEnquiriesCreate" name="test_create_missing_required_fields_returns_422" time="0.056" /><testcase classname="backend.tests.backend_test.TestEnquiriesCreate" name="test_create_empty_message_returns_422" time="0.057" /><testcase classname="backend.tests.backend_test.TestEnquiriesList" name="test_list_returns_200_and_contains_recent" time="0.482" /><testcase classname="backend.tests.backend_test.TestEnquiriesList" name="test_list_excludes_mongo_objectid" time="0.057" /><testcase classname="backend.tests.test_interest.TestHealth" name="test_health_email_provider_ready" time="0.219" /><testcase classname="backend.tests.test_interest.TestInterestCreate" name="test_create_valid_returns_201_and_persists" time="0.229" /><testcase classname="backend.tests.test_interest.TestInterestCreate" name="test_get_returns_created_record" time="0.074" /><testcase classname="backend.tests.test_interest.TestInterestCreate" name="test_consent_false_returns_422" time="0.071" /><testcase classname="backend.tests.test_interest.TestInterestCreate" name="test_missing_email_returns_422" time="0.073" /><testcase classname="backend.tests.test_interest.TestInterestCreate" name="test_missing_name_returns_422" time="0.070" /><testcase classname="backend.tests.test_interest.TestInterestCreate" name="test_invalid_email_returns_422" time="0.084" /><testcase classname="backend.tests.test_interest.TestInterestCreate" name="test_language_zh_roundtrips" time="0.303" /><testcase classname="backend.tests.test_interest.TestEnquiriesNoRegression" name="test_enquiries_still_works" time="0.241" /></testsuite></testsuites>